<?xml version="1.0" encoding="UTF-8"?>
<!-- Generated by org.testng.reporters.JUnitXMLReporter -->
<testsuite hostname="LAPTOP-MPNT8J29" ignored="0" name="Default test" tests="2" failures="0" timestamp="2020-09-06T12:21:13 BST" time="2.262" errors="0">
  <testcase name="@BeforeMethod login" time="1.784" classname="wrapper2.Projectspecificwrapper2">
    <failure type="org.openqa.selenium.SessionNotCreatedException" message="session not created: This version of ChromeDriver only supports Chrome version 86
Current browser version is 85.0.4183.83 with binary path C:\Program Files (x86)\Google\Chrome\Application\chrome.exe
Build info: version: &amp;apos;3.141.59&amp;apos;, revision: &amp;apos;e82be7d358&amp;apos;, time: &amp;apos;2018-11-14T08:17:03&amp;apos;
System info: host: &amp;apos;LAPTOP-MPNT8J29&amp;apos;, ip: &amp;apos;192.168.0.14&amp;apos;, os.name: &amp;apos;Windows 10&amp;apos;, os.arch: &amp;apos;amd64&amp;apos;, os.version: &amp;apos;10.0&amp;apos;, java.version: &amp;apos;1.8.0_171&amp;apos;
Driver info: driver.version: ChromeDriver
remote stacktrace: Backtrace:
	Ordinal0 [0x00CCC013+3194899]
	Ordinal0 [0x00BB6021+2056225]
	Ordinal0 [0x00A4F608+587272]
	Ordinal0 [0x009D1BF3+72691]
	Ordinal0 [0x009CE229+57897]
	Ordinal0 [0x009CC64A+50762]
	Ordinal0 [0x009F1EE9+204521]
	Ordinal0 [0x009F1D0D+204045]
	Ordinal0 [0x009EFC1B+195611]
	Ordinal0 [0x009D3B7F+80767]
	Ordinal0 [0x009D4B4E+84814]
	Ordinal0 [0x009D4AD9+84697]
	Ordinal0 [0x00BCCE64+2149988]
	GetHandleVerifier [0x00E3BE95+1400773]
	GetHandleVerifier [0x00E3BB61+1399953]
	GetHandleVerifier [0x00E431FA+1430314]
	GetHandleVerifier [0x00E3C69F+1402831]
	Ordinal0 [0x00BC3D61+2112865]
	Ordinal0 [0x00BCE5CB+2155979]
	Ordinal0 [0x00BCE6F5+2156277]
	Ordinal0 [0x00BDF26E+2224750]
	BaseThreadInitThunk [0x75726359+25]
	RtlGetAppContainerNamedObjectPath [0x77197C24+228]
	RtlGetAppContainerNamedObjectPath [0x77197BF4+180]
">
      <![CDATA[org.openqa.selenium.SessionNotCreatedException: session not created: This version of ChromeDriver only supports Chrome version 86
Current browser version is 85.0.4183.83 with binary path C:\Program Files (x86)\Google\Chrome\Application\chrome.exe
Build info: version: '3.141.59', revision: 'e82be7d358', time: '2018-11-14T08:17:03'
System info: host: 'LAPTOP-MPNT8J29', ip: '192.168.0.14', os.name: 'Windows 10', os.arch: 'amd64', os.version: '10.0', java.version: '1.8.0_171'
Driver info: driver.version: ChromeDriver
remote stacktrace: Backtrace:
Ordinal0 [0x00CCC013+3194899]
Ordinal0 [0x00BB6021+2056225]
Ordinal0 [0x00A4F608+587272]
Ordinal0 [0x009D1BF3+72691]
Ordinal0 [0x009CE229+57897]
Ordinal0 [0x009CC64A+50762]
Ordinal0 [0x009F1EE9+204521]
Ordinal0 [0x009F1D0D+204045]
Ordinal0 [0x009EFC1B+195611]
Ordinal0 [0x009D3B7F+80767]
Ordinal0 [0x009D4B4E+84814]
Ordinal0 [0x009D4AD9+84697]
Ordinal0 [0x00BCCE64+2149988]
GetHandleVerifier [0x00E3BE95+1400773]
GetHandleVerifier [0x00E3BB61+1399953]
GetHandleVerifier [0x00E431FA+1430314]
GetHandleVerifier [0x00E3C69F+1402831]
Ordinal0 [0x00BC3D61+2112865]
Ordinal0 [0x00BCE5CB+2155979]
Ordinal0 [0x00BCE6F5+2156277]
Ordinal0 [0x00BDF26E+2224750]
BaseThreadInitThunk [0x75726359+25]
RtlGetAppContainerNamedObjectPath [0x77197C24+228]
RtlGetAppContainerNamedObjectPath [0x77197BF4+180]

at sun.reflect.NativeConstructorAccessorImpl.newInstance0(Native Method)
at sun.reflect.NativeConstructorAccessorImpl.newInstance(Unknown Source)
at sun.reflect.DelegatingConstructorAccessorImpl.newInstance(Unknown Source)
at java.lang.reflect.Constructor.newInstance(Unknown Source)
at org.openqa.selenium.remote.W3CHandshakeResponse.lambda$errorHandler$0(W3CHandshakeResponse.java:62)
at org.openqa.selenium.remote.HandshakeResponse.lambda$getResponseFunction$0(HandshakeResponse.java:30)
at org.openqa.selenium.remote.ProtocolHandshake.lambda$createSession$0(ProtocolHandshake.java:126)
at java.util.stream.ReferencePipeline$3$1.accept(Unknown Source)
at java.util.Spliterators$ArraySpliterator.tryAdvance(Unknown Source)
at java.util.stream.ReferencePipeline.forEachWithCancel(Unknown Source)
at java.util.stream.AbstractPipeline.copyIntoWithCancel(Unknown Source)
at java.util.stream.AbstractPipeline.copyInto(Unknown Source)
at java.util.stream.AbstractPipeline.wrapAndCopyInto(Unknown Source)
at java.util.stream.FindOps$FindOp.evaluateSequential(Unknown Source)
at java.util.stream.AbstractPipeline.evaluate(Unknown Source)
at java.util.stream.ReferencePipeline.findFirst(Unknown Source)
at org.openqa.selenium.remote.ProtocolHandshake.createSession(ProtocolHandshake.java:128)
at org.openqa.selenium.remote.ProtocolHandshake.createSession(ProtocolHandshake.java:74)
at org.openqa.selenium.remote.HttpCommandExecutor.execute(HttpCommandExecutor.java:136)
at org.openqa.selenium.remote.service.DriverCommandExecutor.execute(DriverCommandExecutor.java:83)
at org.openqa.selenium.remote.RemoteWebDriver.execute(RemoteWebDriver.java:552)
at org.openqa.selenium.remote.RemoteWebDriver.startSession(RemoteWebDriver.java:213)
at org.openqa.selenium.remote.RemoteWebDriver.<init>(RemoteWebDriver.java:131)
at org.openqa.selenium.chrome.ChromeDriver.<init>(ChromeDriver.java:181)
at org.openqa.selenium.chrome.ChromeDriver.<init>(ChromeDriver.java:168)
at org.openqa.selenium.chrome.ChromeDriver.<init>(ChromeDriver.java:123)
at wrapper2.Genericwrapper2.invokeApp(Genericwrapper2.java:15)
at wrapper2.Projectspecificwrapper2.login(Projectspecificwrapper2.java:17)
at sun.reflect.NativeMethodAccessorImpl.invoke0(Native Method)
at sun.reflect.NativeMethodAccessorImpl.invoke(Unknown Source)
at sun.reflect.DelegatingMethodAccessorImpl.invoke(Unknown Source)
at java.lang.reflect.Method.invoke(Unknown Source)
at org.testng.internal.MethodInvocationHelper.invokeMethod(MethodInvocationHelper.java:133)
at org.testng.internal.MethodInvocationHelper.invokeMethodConsideringTimeout(MethodInvocationHelper.java:62)
at org.testng.internal.ConfigInvoker.invokeConfigurationMethod(ConfigInvoker.java:340)
at org.testng.internal.ConfigInvoker.invokeConfigurations(ConfigInvoker.java:294)
at org.testng.internal.TestInvoker.runConfigMethods(TestInvoker.java:683)
at org.testng.internal.TestInvoker.invokeMethod(TestInvoker.java:510)
at org.testng.internal.TestInvoker.invokeTestMethod(TestInvoker.java:172)
at org.testng.internal.MethodRunner.runInSequence(MethodRunner.java:46)
at org.testng.internal.TestInvoker$MethodInvocationAgent.invoke(TestInvoker.java:804)
at org.testng.internal.TestInvoker.invokeTestMethods(TestInvoker.java:145)
at org.testng.internal.TestMethodWorker.invokeTestMethods(TestMethodWorker.java:146)
at org.testng.internal.TestMethodWorker.run(TestMethodWorker.java:128)
at java.util.ArrayList.forEach(Unknown Source)
at org.testng.TestRunner.privateRun(TestRunner.java:770)
at org.testng.TestRunner.run(TestRunner.java:591)
at org.testng.SuiteRunner.runTest(SuiteRunner.java:402)
at org.testng.SuiteRunner.runSequentially(SuiteRunner.java:396)
at org.testng.SuiteRunner.privateRun(SuiteRunner.java:355)
at org.testng.SuiteRunner.run(SuiteRunner.java:304)
at org.testng.SuiteRunnerWorker.runSuite(SuiteRunnerWorker.java:53)
at org.testng.SuiteRunnerWorker.run(SuiteRunnerWorker.java:96)
at org.testng.TestNG.runSuitesSequentially(TestNG.java:1180)
at org.testng.TestNG.runSuitesLocally(TestNG.java:1102)
at org.testng.TestNG.runSuites(TestNG.java:1032)
at org.testng.TestNG.run(TestNG.java:1000)
at org.testng.remote.AbstractRemoteTestNG.run(AbstractRemoteTestNG.java:115)
at org.testng.remote.RemoteTestNG.initAndRun(RemoteTestNG.java:251)
at org.testng.remote.RemoteTestNG.main(RemoteTestNG.java:77)
]]>
    </failure>
  </testcase> <!-- @BeforeMethod login -->
  <testcase name="@AfterMethod closebrowser" time="-1.599391273961E9" classname="wrapper2.Projectspecificwrapper2">
    <skipped/>
  </testcase> <!-- @AfterMethod closebrowser -->
  <testcase name="@BeforeMethod login" time="-1.599391273963E9" classname="wrapper2.Projectspecificwrapper2">
    <skipped/>
  </testcase> <!-- @BeforeMethod login -->
  <testcase name="@AfterMethod closebrowser" time="-1.599391273968E9" classname="wrapper2.Projectspecificwrapper2">
    <skipped/>
  </testcase> <!-- @AfterMethod closebrowser -->
  <testcase name="loginlogout" time="0.0" classname="testcases2.TC01_Loginlogout">
    <skipped/>
  </testcase> <!-- loginlogout -->
  <testcase name="loginlogout" time="0.0" classname="testcases2.TC01_Loginlogout">
    <skipped/>
  </testcase> <!-- loginlogout -->
</testsuite> <!-- Default test -->
