<?xml version="1.0" encoding="UTF-8"?>
<testng-results skipped="2" failed="0" ignored="0" total="2" passed="0">
  <reporter-output>
  </reporter-output>
  <suite name="Default suite" duration-ms="2262" started-at="2020-09-06T12:21:11 BST" finished-at="2020-09-06T12:21:13 BST">
    <groups>
    </groups>
    <test name="Default test" duration-ms="2262" started-at="2020-09-06T12:21:11 BST" finished-at="2020-09-06T12:21:13 BST">
      <class name="testcases2.TC01_Loginlogout">
        <test-method status="PASS" signature="setData()[pri:0, instance:testcases2.TC01_Loginlogout@7f13d6e]" name="setData" is-config="true" duration-ms="16" started-at="2020-09-06T12:21:11 BST" finished-at="2020-09-06T12:21:11 BST">
          <reporter-output>
          </reporter-output>
        </test-method> <!-- setData -->
        <test-method status="FAIL" signature="login()[pri:0, instance:testcases2.TC01_Loginlogout@7f13d6e]" name="login" is-config="true" duration-ms="1784" started-at="2020-09-06T12:21:12 BST" finished-at="2020-09-06T12:21:13 BST">
          <exception class="org.openqa.selenium.SessionNotCreatedException">
            <message>
              <![CDATA[session not created: This version of ChromeDriver only supports Chrome version 86
Current browser version is 85.0.4183.83 with binary path C:\Program Files (x86)\Google\Chrome\Application\chrome.exe
Build info: version: '3.141.59', revision: 'e82be7d358', time: '2018-11-14T08:17:03'
System info: host: 'LAPTOP-MPNT8J29', ip: '192.168.0.14', os.name: 'Windows 10', os.arch: 'amd64', os.version: '10.0', java.version: '1.8.0_171'
Driver info: driver.version: ChromeDriver
remote stacktrace: Backtrace:
Ordinal0 [0x00CCC013+3194899]
Ordinal0 [0x00BB6021+2056225]
Ordinal0 [0x00A4F608+587272]
Ordinal0 [0x009D1BF3+72691]
Ordinal0 [0x009CE229+57897]
Ordinal0 [0x009CC64A+50762]
Ordinal0 [0x009F1EE9+204521]
Ordinal0 [0x009F1D0D+204045]
Ordinal0 [0x009EFC1B+195611]
Ordinal0 [0x009D3B7F+80767]
Ordinal0 [0x009D4B4E+84814]
Ordinal0 [0x009D4AD9+84697]
Ordinal0 [0x00BCCE64+2149988]
GetHandleVerifier [0x00E3BE95+1400773]
GetHandleVerifier [0x00E3BB61+1399953]
GetHandleVerifier [0x00E431FA+1430314]
GetHandleVerifier [0x00E3C69F+1402831]
Ordinal0 [0x00BC3D61+2112865]
Ordinal0 [0x00BCE5CB+2155979]
Ordinal0 [0x00BCE6F5+2156277]
Ordinal0 [0x00BDF26E+2224750]
BaseThreadInitThunk [0x75726359+25]
RtlGetAppContainerNamedObjectPath [0x77197C24+228]
RtlGetAppContainerNamedObjectPath [0x77197BF4+180]
]]>
            </message>
            <full-stacktrace>
              <![CDATA[org.openqa.selenium.SessionNotCreatedException: session not created: This version of ChromeDriver only supports Chrome version 86
Current browser version is 85.0.4183.83 with binary path C:\Program Files (x86)\Google\Chrome\Application\chrome.exe
Build info: version: '3.141.59', revision: 'e82be7d358', time: '2018-11-14T08:17:03'
System info: host: 'LAPTOP-MPNT8J29', ip: '192.168.0.14', os.name: 'Windows 10', os.arch: 'amd64', os.version: '10.0', java.version: '1.8.0_171'
Driver info: driver.version: ChromeDriver
remote stacktrace: Backtrace:
Ordinal0 [0x00CCC013+3194899]
Ordinal0 [0x00BB6021+2056225]
Ordinal0 [0x00A4F608+587272]
Ordinal0 [0x009D1BF3+72691]
Ordinal0 [0x009CE229+57897]
Ordinal0 [0x009CC64A+50762]
Ordinal0 [0x009F1EE9+204521]
Ordinal0 [0x009F1D0D+204045]
Ordinal0 [0x009EFC1B+195611]
Ordinal0 [0x009D3B7F+80767]
Ordinal0 [0x009D4B4E+84814]
Ordinal0 [0x009D4AD9+84697]
Ordinal0 [0x00BCCE64+2149988]
GetHandleVerifier [0x00E3BE95+1400773]
GetHandleVerifier [0x00E3BB61+1399953]
GetHandleVerifier [0x00E431FA+1430314]
GetHandleVerifier [0x00E3C69F+1402831]
Ordinal0 [0x00BC3D61+2112865]
Ordinal0 [0x00BCE5CB+2155979]
Ordinal0 [0x00BCE6F5+2156277]
Ordinal0 [0x00BDF26E+2224750]
BaseThreadInitThunk [0x75726359+25]
RtlGetAppContainerNamedObjectPath [0x77197C24+228]
RtlGetAppContainerNamedObjectPath [0x77197BF4+180]

at sun.reflect.NativeConstructorAccessorImpl.newInstance0(Native Method)
at sun.reflect.NativeConstructorAccessorImpl.newInstance(Unknown Source)
at sun.reflect.DelegatingConstructorAccessorImpl.newInstance(Unknown Source)
at java.lang.reflect.Constructor.newInstance(Unknown Source)
at org.openqa.selenium.remote.W3CHandshakeResponse.lambda$errorHandler$0(W3CHandshakeResponse.java:62)
at org.openqa.selenium.remote.HandshakeResponse.lambda$getResponseFunction$0(HandshakeResponse.java:30)
at org.openqa.selenium.remote.ProtocolHandshake.lambda$createSession$0(ProtocolHandshake.java:126)
at java.util.stream.ReferencePipeline$3$1.accept(Unknown Source)
at java.util.Spliterators$ArraySpliterator.tryAdvance(Unknown Source)
at java.util.stream.ReferencePipeline.forEachWithCancel(Unknown Source)
at java.util.stream.AbstractPipeline.copyIntoWithCancel(Unknown Source)
at java.util.stream.AbstractPipeline.copyInto(Unknown Source)
at java.util.stream.AbstractPipeline.wrapAndCopyInto(Unknown Source)
at java.util.stream.FindOps$FindOp.evaluateSequential(Unknown Source)
at java.util.stream.AbstractPipeline.evaluate(Unknown Source)
at java.util.stream.ReferencePipeline.findFirst(Unknown Source)
at org.openqa.selenium.remote.ProtocolHandshake.createSession(ProtocolHandshake.java:128)
at org.openqa.selenium.remote.ProtocolHandshake.createSession(ProtocolHandshake.java:74)
at org.openqa.selenium.remote.HttpCommandExecutor.execute(HttpCommandExecutor.java:136)
at org.openqa.selenium.remote.service.DriverCommandExecutor.execute(DriverCommandExecutor.java:83)
at org.openqa.selenium.remote.RemoteWebDriver.execute(RemoteWebDriver.java:552)
at org.openqa.selenium.remote.RemoteWebDriver.startSession(RemoteWebDriver.java:213)
at org.openqa.selenium.remote.RemoteWebDriver.<init>(RemoteWebDriver.java:131)
at org.openqa.selenium.chrome.ChromeDriver.<init>(ChromeDriver.java:181)
at org.openqa.selenium.chrome.ChromeDriver.<init>(ChromeDriver.java:168)
at org.openqa.selenium.chrome.ChromeDriver.<init>(ChromeDriver.java:123)
at wrapper2.Genericwrapper2.invokeApp(Genericwrapper2.java:15)
at wrapper2.Projectspecificwrapper2.login(Projectspecificwrapper2.java:17)
at sun.reflect.NativeMethodAccessorImpl.invoke0(Native Method)
at sun.reflect.NativeMethodAccessorImpl.invoke(Unknown Source)
at sun.reflect.DelegatingMethodAccessorImpl.invoke(Unknown Source)
at java.lang.reflect.Method.invoke(Unknown Source)
at org.testng.internal.MethodInvocationHelper.invokeMethod(MethodInvocationHelper.java:133)
at org.testng.internal.MethodInvocationHelper.invokeMethodConsideringTimeout(MethodInvocationHelper.java:62)
at org.testng.internal.ConfigInvoker.invokeConfigurationMethod(ConfigInvoker.java:340)
at org.testng.internal.ConfigInvoker.invokeConfigurations(ConfigInvoker.java:294)
at org.testng.internal.TestInvoker.runConfigMethods(TestInvoker.java:683)
at org.testng.internal.TestInvoker.invokeMethod(TestInvoker.java:510)
at org.testng.internal.TestInvoker.invokeTestMethod(TestInvoker.java:172)
at org.testng.internal.MethodRunner.runInSequence(MethodRunner.java:46)
at org.testng.internal.TestInvoker$MethodInvocationAgent.invoke(TestInvoker.java:804)
at org.testng.internal.TestInvoker.invokeTestMethods(TestInvoker.java:145)
at org.testng.internal.TestMethodWorker.invokeTestMethods(TestMethodWorker.java:146)
at org.testng.internal.TestMethodWorker.run(TestMethodWorker.java:128)
at java.util.ArrayList.forEach(Unknown Source)
at org.testng.TestRunner.privateRun(TestRunner.java:770)
at org.testng.TestRunner.run(TestRunner.java:591)
at org.testng.SuiteRunner.runTest(SuiteRunner.java:402)
at org.testng.SuiteRunner.runSequentially(SuiteRunner.java:396)
at org.testng.SuiteRunner.privateRun(SuiteRunner.java:355)
at org.testng.SuiteRunner.run(SuiteRunner.java:304)
at org.testng.SuiteRunnerWorker.runSuite(SuiteRunnerWorker.java:53)
at org.testng.SuiteRunnerWorker.run(SuiteRunnerWorker.java:96)
at org.testng.TestNG.runSuitesSequentially(TestNG.java:1180)
at org.testng.TestNG.runSuitesLocally(TestNG.java:1102)
at org.testng.TestNG.runSuites(TestNG.java:1032)
at org.testng.TestNG.run(TestNG.java:1000)
at org.testng.remote.AbstractRemoteTestNG.run(AbstractRemoteTestNG.java:115)
at org.testng.remote.RemoteTestNG.initAndRun(RemoteTestNG.java:251)
at org.testng.remote.RemoteTestNG.main(RemoteTestNG.java:77)
]]>
            </full-stacktrace>
          </exception> <!-- org.openqa.selenium.SessionNotCreatedException -->
          <reporter-output>
          </reporter-output>
        </test-method> <!-- login -->
        <test-method status="SKIP" signature="loginlogout(java.lang.String, java.lang.String)[pri:0, instance:testcases2.TC01_Loginlogout@7f13d6e]" name="loginlogout" duration-ms="0" started-at="2020-09-06T12:21:13 BST" data-provider="getData" finished-at="2020-09-06T12:21:13 BST">
          <exception class="org.openqa.selenium.SessionNotCreatedException">
            <message>
              <![CDATA[session not created: This version of ChromeDriver only supports Chrome version 86
Current browser version is 85.0.4183.83 with binary path C:\Program Files (x86)\Google\Chrome\Application\chrome.exe
Build info: version: '3.141.59', revision: 'e82be7d358', time: '2018-11-14T08:17:03'
System info: host: 'LAPTOP-MPNT8J29', ip: '192.168.0.14', os.name: 'Windows 10', os.arch: 'amd64', os.version: '10.0', java.version: '1.8.0_171'
Driver info: driver.version: ChromeDriver
remote stacktrace: Backtrace:
Ordinal0 [0x00CCC013+3194899]
Ordinal0 [0x00BB6021+2056225]
Ordinal0 [0x00A4F608+587272]
Ordinal0 [0x009D1BF3+72691]
Ordinal0 [0x009CE229+57897]
Ordinal0 [0x009CC64A+50762]
Ordinal0 [0x009F1EE9+204521]
Ordinal0 [0x009F1D0D+204045]
Ordinal0 [0x009EFC1B+195611]
Ordinal0 [0x009D3B7F+80767]
Ordinal0 [0x009D4B4E+84814]
Ordinal0 [0x009D4AD9+84697]
Ordinal0 [0x00BCCE64+2149988]
GetHandleVerifier [0x00E3BE95+1400773]
GetHandleVerifier [0x00E3BB61+1399953]
GetHandleVerifier [0x00E431FA+1430314]
GetHandleVerifier [0x00E3C69F+1402831]
Ordinal0 [0x00BC3D61+2112865]
Ordinal0 [0x00BCE5CB+2155979]
Ordinal0 [0x00BCE6F5+2156277]
Ordinal0 [0x00BDF26E+2224750]
BaseThreadInitThunk [0x75726359+25]
RtlGetAppContainerNamedObjectPath [0x77197C24+228]
RtlGetAppContainerNamedObjectPath [0x77197BF4+180]
]]>
            </message>
            <full-stacktrace>
              <![CDATA[org.openqa.selenium.SessionNotCreatedException: session not created: This version of ChromeDriver only supports Chrome version 86
Current browser version is 85.0.4183.83 with binary path C:\Program Files (x86)\Google\Chrome\Application\chrome.exe
Build info: version: '3.141.59', revision: 'e82be7d358', time: '2018-11-14T08:17:03'
System info: host: 'LAPTOP-MPNT8J29', ip: '192.168.0.14', os.name: 'Windows 10', os.arch: 'amd64', os.version: '10.0', java.version: '1.8.0_171'
Driver info: driver.version: ChromeDriver
remote stacktrace: Backtrace:
Ordinal0 [0x00CCC013+3194899]
Ordinal0 [0x00BB6021+2056225]
Ordinal0 [0x00A4F608+587272]
Ordinal0 [0x009D1BF3+72691]
Ordinal0 [0x009CE229+57897]
Ordinal0 [0x009CC64A+50762]
Ordinal0 [0x009F1EE9+204521]
Ordinal0 [0x009F1D0D+204045]
Ordinal0 [0x009EFC1B+195611]
Ordinal0 [0x009D3B7F+80767]
Ordinal0 [0x009D4B4E+84814]
Ordinal0 [0x009D4AD9+84697]
Ordinal0 [0x00BCCE64+2149988]
GetHandleVerifier [0x00E3BE95+1400773]
GetHandleVerifier [0x00E3BB61+1399953]
GetHandleVerifier [0x00E431FA+1430314]
GetHandleVerifier [0x00E3C69F+1402831]
Ordinal0 [0x00BC3D61+2112865]
Ordinal0 [0x00BCE5CB+2155979]
Ordinal0 [0x00BCE6F5+2156277]
Ordinal0 [0x00BDF26E+2224750]
BaseThreadInitThunk [0x75726359+25]
RtlGetAppContainerNamedObjectPath [0x77197C24+228]
RtlGetAppContainerNamedObjectPath [0x77197BF4+180]

at sun.reflect.NativeConstructorAccessorImpl.newInstance0(Native Method)
at sun.reflect.NativeConstructorAccessorImpl.newInstance(Unknown Source)
at sun.reflect.DelegatingConstructorAccessorImpl.newInstance(Unknown Source)
at java.lang.reflect.Constructor.newInstance(Unknown Source)
at org.openqa.selenium.remote.W3CHandshakeResponse.lambda$errorHandler$0(W3CHandshakeResponse.java:62)
at org.openqa.selenium.remote.HandshakeResponse.lambda$getResponseFunction$0(HandshakeResponse.java:30)
at org.openqa.selenium.remote.ProtocolHandshake.lambda$createSession$0(ProtocolHandshake.java:126)
at java.util.stream.ReferencePipeline$3$1.accept(Unknown Source)
at java.util.Spliterators$ArraySpliterator.tryAdvance(Unknown Source)
at java.util.stream.ReferencePipeline.forEachWithCancel(Unknown Source)
at java.util.stream.AbstractPipeline.copyIntoWithCancel(Unknown Source)
at java.util.stream.AbstractPipeline.copyInto(Unknown Source)
at java.util.stream.AbstractPipeline.wrapAndCopyInto(Unknown Source)
at java.util.stream.FindOps$FindOp.evaluateSequential(Unknown Source)
at java.util.stream.AbstractPipeline.evaluate(Unknown Source)
at java.util.stream.ReferencePipeline.findFirst(Unknown Source)
at org.openqa.selenium.remote.ProtocolHandshake.createSession(ProtocolHandshake.java:128)
at org.openqa.selenium.remote.ProtocolHandshake.createSession(ProtocolHandshake.java:74)
at org.openqa.selenium.remote.HttpCommandExecutor.execute(HttpCommandExecutor.java:136)
at org.openqa.selenium.remote.service.DriverCommandExecutor.execute(DriverCommandExecutor.java:83)
at org.openqa.selenium.remote.RemoteWebDriver.execute(RemoteWebDriver.java:552)
at org.openqa.selenium.remote.RemoteWebDriver.startSession(RemoteWebDriver.java:213)
at org.openqa.selenium.remote.RemoteWebDriver.<init>(RemoteWebDriver.java:131)
at org.openqa.selenium.chrome.ChromeDriver.<init>(ChromeDriver.java:181)
at org.openqa.selenium.chrome.ChromeDriver.<init>(ChromeDriver.java:168)
at org.openqa.selenium.chrome.ChromeDriver.<init>(ChromeDriver.java:123)
at wrapper2.Genericwrapper2.invokeApp(Genericwrapper2.java:15)
at wrapper2.Projectspecificwrapper2.login(Projectspecificwrapper2.java:17)
at sun.reflect.NativeMethodAccessorImpl.invoke0(Native Method)
at sun.reflect.NativeMethodAccessorImpl.invoke(Unknown Source)
at sun.reflect.DelegatingMethodAccessorImpl.invoke(Unknown Source)
at java.lang.reflect.Method.invoke(Unknown Source)
at org.testng.internal.MethodInvocationHelper.invokeMethod(MethodInvocationHelper.java:133)
at org.testng.internal.MethodInvocationHelper.invokeMethodConsideringTimeout(MethodInvocationHelper.java:62)
at org.testng.internal.ConfigInvoker.invokeConfigurationMethod(ConfigInvoker.java:340)
at org.testng.internal.ConfigInvoker.invokeConfigurations(ConfigInvoker.java:294)
at org.testng.internal.TestInvoker.runConfigMethods(TestInvoker.java:683)
at org.testng.internal.TestInvoker.invokeMethod(TestInvoker.java:510)
at org.testng.internal.TestInvoker.invokeTestMethod(TestInvoker.java:172)
at org.testng.internal.MethodRunner.runInSequence(MethodRunner.java:46)
at org.testng.internal.TestInvoker$MethodInvocationAgent.invoke(TestInvoker.java:804)
at org.testng.internal.TestInvoker.invokeTestMethods(TestInvoker.java:145)
at org.testng.internal.TestMethodWorker.invokeTestMethods(TestMethodWorker.java:146)
at org.testng.internal.TestMethodWorker.run(TestMethodWorker.java:128)
at java.util.ArrayList.forEach(Unknown Source)
at org.testng.TestRunner.privateRun(TestRunner.java:770)
at org.testng.TestRunner.run(TestRunner.java:591)
at org.testng.SuiteRunner.runTest(SuiteRunner.java:402)
at org.testng.SuiteRunner.runSequentially(SuiteRunner.java:396)
at org.testng.SuiteRunner.privateRun(SuiteRunner.java:355)
at org.testng.SuiteRunner.run(SuiteRunner.java:304)
at org.testng.SuiteRunnerWorker.runSuite(SuiteRunnerWorker.java:53)
at org.testng.SuiteRunnerWorker.run(SuiteRunnerWorker.java:96)
at org.testng.TestNG.runSuitesSequentially(TestNG.java:1180)
at org.testng.TestNG.runSuitesLocally(TestNG.java:1102)
at org.testng.TestNG.runSuites(TestNG.java:1032)
at org.testng.TestNG.run(TestNG.java:1000)
at org.testng.remote.AbstractRemoteTestNG.run(AbstractRemoteTestNG.java:115)
at org.testng.remote.RemoteTestNG.initAndRun(RemoteTestNG.java:251)
at org.testng.remote.RemoteTestNG.main(RemoteTestNG.java:77)
]]>
            </full-stacktrace>
          </exception> <!-- org.openqa.selenium.SessionNotCreatedException -->
          <reporter-output>
          </reporter-output>
        </test-method> <!-- loginlogout -->
        <test-method status="SKIP" signature="closebrowser()[pri:0, instance:testcases2.TC01_Loginlogout@7f13d6e]" name="closebrowser" is-config="true" duration-ms="-1599391273961" started-at="2020-09-06T12:21:13 BST" finished-at="1970-01-01T01:00:00 GMT">
          <reporter-output>
          </reporter-output>
        </test-method> <!-- closebrowser -->
        <test-method status="SKIP" signature="login()[pri:0, instance:testcases2.TC01_Loginlogout@7f13d6e]" name="login" is-config="true" duration-ms="-1599391273963" started-at="2020-09-06T12:21:13 BST" finished-at="1970-01-01T01:00:00 GMT">
          <reporter-output>
          </reporter-output>
        </test-method> <!-- login -->
        <test-method status="SKIP" signature="loginlogout(java.lang.String, java.lang.String)[pri:0, instance:testcases2.TC01_Loginlogout@7f13d6e]" name="loginlogout" duration-ms="0" started-at="2020-09-06T12:21:13 BST" data-provider="getData" finished-at="2020-09-06T12:21:13 BST">
          <exception class="org.openqa.selenium.SessionNotCreatedException">
            <message>
              <![CDATA[session not created: This version of ChromeDriver only supports Chrome version 86
Current browser version is 85.0.4183.83 with binary path C:\Program Files (x86)\Google\Chrome\Application\chrome.exe
Build info: version: '3.141.59', revision: 'e82be7d358', time: '2018-11-14T08:17:03'
System info: host: 'LAPTOP-MPNT8J29', ip: '192.168.0.14', os.name: 'Windows 10', os.arch: 'amd64', os.version: '10.0', java.version: '1.8.0_171'
Driver info: driver.version: ChromeDriver
remote stacktrace: Backtrace:
Ordinal0 [0x00CCC013+3194899]
Ordinal0 [0x00BB6021+2056225]
Ordinal0 [0x00A4F608+587272]
Ordinal0 [0x009D1BF3+72691]
Ordinal0 [0x009CE229+57897]
Ordinal0 [0x009CC64A+50762]
Ordinal0 [0x009F1EE9+204521]
Ordinal0 [0x009F1D0D+204045]
Ordinal0 [0x009EFC1B+195611]
Ordinal0 [0x009D3B7F+80767]
Ordinal0 [0x009D4B4E+84814]
Ordinal0 [0x009D4AD9+84697]
Ordinal0 [0x00BCCE64+2149988]
GetHandleVerifier [0x00E3BE95+1400773]
GetHandleVerifier [0x00E3BB61+1399953]
GetHandleVerifier [0x00E431FA+1430314]
GetHandleVerifier [0x00E3C69F+1402831]
Ordinal0 [0x00BC3D61+2112865]
Ordinal0 [0x00BCE5CB+2155979]
Ordinal0 [0x00BCE6F5+2156277]
Ordinal0 [0x00BDF26E+2224750]
BaseThreadInitThunk [0x75726359+25]
RtlGetAppContainerNamedObjectPath [0x77197C24+228]
RtlGetAppContainerNamedObjectPath [0x77197BF4+180]
]]>
            </message>
            <full-stacktrace>
              <![CDATA[org.openqa.selenium.SessionNotCreatedException: session not created: This version of ChromeDriver only supports Chrome version 86
Current browser version is 85.0.4183.83 with binary path C:\Program Files (x86)\Google\Chrome\Application\chrome.exe
Build info: version: '3.141.59', revision: 'e82be7d358', time: '2018-11-14T08:17:03'
System info: host: 'LAPTOP-MPNT8J29', ip: '192.168.0.14', os.name: 'Windows 10', os.arch: 'amd64', os.version: '10.0', java.version: '1.8.0_171'
Driver info: driver.version: ChromeDriver
remote stacktrace: Backtrace:
Ordinal0 [0x00CCC013+3194899]
Ordinal0 [0x00BB6021+2056225]
Ordinal0 [0x00A4F608+587272]
Ordinal0 [0x009D1BF3+72691]
Ordinal0 [0x009CE229+57897]
Ordinal0 [0x009CC64A+50762]
Ordinal0 [0x009F1EE9+204521]
Ordinal0 [0x009F1D0D+204045]
Ordinal0 [0x009EFC1B+195611]
Ordinal0 [0x009D3B7F+80767]
Ordinal0 [0x009D4B4E+84814]
Ordinal0 [0x009D4AD9+84697]
Ordinal0 [0x00BCCE64+2149988]
GetHandleVerifier [0x00E3BE95+1400773]
GetHandleVerifier [0x00E3BB61+1399953]
GetHandleVerifier [0x00E431FA+1430314]
GetHandleVerifier [0x00E3C69F+1402831]
Ordinal0 [0x00BC3D61+2112865]
Ordinal0 [0x00BCE5CB+2155979]
Ordinal0 [0x00BCE6F5+2156277]
Ordinal0 [0x00BDF26E+2224750]
BaseThreadInitThunk [0x75726359+25]
RtlGetAppContainerNamedObjectPath [0x77197C24+228]
RtlGetAppContainerNamedObjectPath [0x77197BF4+180]

at sun.reflect.NativeConstructorAccessorImpl.newInstance0(Native Method)
at sun.reflect.NativeConstructorAccessorImpl.newInstance(Unknown Source)
at sun.reflect.DelegatingConstructorAccessorImpl.newInstance(Unknown Source)
at java.lang.reflect.Constructor.newInstance(Unknown Source)
at org.openqa.selenium.remote.W3CHandshakeResponse.lambda$errorHandler$0(W3CHandshakeResponse.java:62)
at org.openqa.selenium.remote.HandshakeResponse.lambda$getResponseFunction$0(HandshakeResponse.java:30)
at org.openqa.selenium.remote.ProtocolHandshake.lambda$createSession$0(ProtocolHandshake.java:126)
at java.util.stream.ReferencePipeline$3$1.accept(Unknown Source)
at java.util.Spliterators$ArraySpliterator.tryAdvance(Unknown Source)
at java.util.stream.ReferencePipeline.forEachWithCancel(Unknown Source)
at java.util.stream.AbstractPipeline.copyIntoWithCancel(Unknown Source)
at java.util.stream.AbstractPipeline.copyInto(Unknown Source)
at java.util.stream.AbstractPipeline.wrapAndCopyInto(Unknown Source)
at java.util.stream.FindOps$FindOp.evaluateSequential(Unknown Source)
at java.util.stream.AbstractPipeline.evaluate(Unknown Source)
at java.util.stream.ReferencePipeline.findFirst(Unknown Source)
at org.openqa.selenium.remote.ProtocolHandshake.createSession(ProtocolHandshake.java:128)
at org.openqa.selenium.remote.ProtocolHandshake.createSession(ProtocolHandshake.java:74)
at org.openqa.selenium.remote.HttpCommandExecutor.execute(HttpCommandExecutor.java:136)
at org.openqa.selenium.remote.service.DriverCommandExecutor.execute(DriverCommandExecutor.java:83)
at org.openqa.selenium.remote.RemoteWebDriver.execute(RemoteWebDriver.java:552)
at org.openqa.selenium.remote.RemoteWebDriver.startSession(RemoteWebDriver.java:213)
at org.openqa.selenium.remote.RemoteWebDriver.<init>(RemoteWebDriver.java:131)
at org.openqa.selenium.chrome.ChromeDriver.<init>(ChromeDriver.java:181)
at org.openqa.selenium.chrome.ChromeDriver.<init>(ChromeDriver.java:168)
at org.openqa.selenium.chrome.ChromeDriver.<init>(ChromeDriver.java:123)
at wrapper2.Genericwrapper2.invokeApp(Genericwrapper2.java:15)
at wrapper2.Projectspecificwrapper2.login(Projectspecificwrapper2.java:17)
at sun.reflect.NativeMethodAccessorImpl.invoke0(Native Method)
at sun.reflect.NativeMethodAccessorImpl.invoke(Unknown Source)
at sun.reflect.DelegatingMethodAccessorImpl.invoke(Unknown Source)
at java.lang.reflect.Method.invoke(Unknown Source)
at org.testng.internal.MethodInvocationHelper.invokeMethod(MethodInvocationHelper.java:133)
at org.testng.internal.MethodInvocationHelper.invokeMethodConsideringTimeout(MethodInvocationHelper.java:62)
at org.testng.internal.ConfigInvoker.invokeConfigurationMethod(ConfigInvoker.java:340)
at org.testng.internal.ConfigInvoker.invokeConfigurations(ConfigInvoker.java:294)
at org.testng.internal.TestInvoker.runConfigMethods(TestInvoker.java:683)
at org.testng.internal.TestInvoker.invokeMethod(TestInvoker.java:510)
at org.testng.internal.TestInvoker.invokeTestMethod(TestInvoker.java:172)
at org.testng.internal.MethodRunner.runInSequence(MethodRunner.java:46)
at org.testng.internal.TestInvoker$MethodInvocationAgent.invoke(TestInvoker.java:804)
at org.testng.internal.TestInvoker.invokeTestMethods(TestInvoker.java:145)
at org.testng.internal.TestMethodWorker.invokeTestMethods(TestMethodWorker.java:146)
at org.testng.internal.TestMethodWorker.run(TestMethodWorker.java:128)
at java.util.ArrayList.forEach(Unknown Source)
at org.testng.TestRunner.privateRun(TestRunner.java:770)
at org.testng.TestRunner.run(TestRunner.java:591)
at org.testng.SuiteRunner.runTest(SuiteRunner.java:402)
at org.testng.SuiteRunner.runSequentially(SuiteRunner.java:396)
at org.testng.SuiteRunner.privateRun(SuiteRunner.java:355)
at org.testng.SuiteRunner.run(SuiteRunner.java:304)
at org.testng.SuiteRunnerWorker.runSuite(SuiteRunnerWorker.java:53)
at org.testng.SuiteRunnerWorker.run(SuiteRunnerWorker.java:96)
at org.testng.TestNG.runSuitesSequentially(TestNG.java:1180)
at org.testng.TestNG.runSuitesLocally(TestNG.java:1102)
at org.testng.TestNG.runSuites(TestNG.java:1032)
at org.testng.TestNG.run(TestNG.java:1000)
at org.testng.remote.AbstractRemoteTestNG.run(AbstractRemoteTestNG.java:115)
at org.testng.remote.RemoteTestNG.initAndRun(RemoteTestNG.java:251)
at org.testng.remote.RemoteTestNG.main(RemoteTestNG.java:77)
]]>
            </full-stacktrace>
          </exception> <!-- org.openqa.selenium.SessionNotCreatedException -->
          <reporter-output>
          </reporter-output>
        </test-method> <!-- loginlogout -->
        <test-method status="SKIP" signature="closebrowser()[pri:0, instance:testcases2.TC01_Loginlogout@7f13d6e]" name="closebrowser" is-config="true" duration-ms="-1599391273968" started-at="2020-09-06T12:21:13 BST" finished-at="1970-01-01T01:00:00 GMT">
          <reporter-output>
          </reporter-output>
        </test-method> <!-- closebrowser -->
      </class> <!-- testcases2.TC01_Loginlogout -->
    </test> <!-- Default test -->
  </suite> <!-- Default suite -->
</testng-results>
